<?xml version="1.0" encoding="UTF-8"?>
<!-- Generated by org.testng.reporters.JUnitXMLReporter -->
<testsuite hostname="DESKTOP-QBE9VEH" ignored="0" name="Sample test" tests="2" failures="0" timestamp="14 May 2020 05:44:17 GMT" time="28.659" errors="0">
  <testcase name="createGroupToRegister" time="5.378" classname="com.training.sanity.tests.AdminCretateNewGroupRegisterNewUser"/>
  <testcase name="adminToGenerateInvoice" time="5.501" classname="com.training.sanity.tests.AdminCretateNewGroupRegisterNewUser"/>
</testsuite> <!-- Sample test -->
