<?xml version="1.0" encoding="UTF-8"?>
<testng-results skipped="0" failed="0" ignored="0" total="2" passed="2">
  <reporter-output>
  </reporter-output>
  <suite name="Sample test Suite" duration-ms="28659" started-at="2020-05-14T05:43:49Z" finished-at="2020-05-14T05:44:17Z">
    <groups>
    </groups>
    <test name="Sample test" duration-ms="28659" started-at="2020-05-14T05:43:49Z" finished-at="2020-05-14T05:44:17Z">
      <class name="com.training.sanity.tests.AdminCretateNewGroupRegisterNewUser">
        <test-method status="PASS" signature="browserSetUpLogin()[pri:0, instance:com.training.sanity.tests.AdminCretateNewGroupRegisterNewUser@1593948d]" name="browserSetUpLogin" is-config="true" duration-ms="12747" started-at="2020-05-14T00:43:49Z" finished-at="2020-05-14T00:44:02Z">
          <reporter-output>
          </reporter-output>
        </test-method> <!-- browserSetUpLogin -->
        <test-method status="PASS" signature="createGroupToRegister()[pri:1, instance:com.training.sanity.tests.AdminCretateNewGroupRegisterNewUser@1593948d]" name="createGroupToRegister" duration-ms="5378" started-at="2020-05-14T00:44:02Z" finished-at="2020-05-14T00:44:07Z">
          <reporter-output>
          </reporter-output>
        </test-method> <!-- createGroupToRegister -->
        <test-method status="PASS" signature="adminToGenerateInvoice()[pri:3, instance:com.training.sanity.tests.AdminCretateNewGroupRegisterNewUser@1593948d]" name="adminToGenerateInvoice" duration-ms="5501" started-at="2020-05-14T00:44:07Z" finished-at="2020-05-14T00:44:12Z">
          <reporter-output>
          </reporter-output>
        </test-method> <!-- adminToGenerateInvoice -->
        <test-method status="PASS" signature="tearDown()[pri:0, instance:com.training.sanity.tests.AdminCretateNewGroupRegisterNewUser@1593948d]" name="tearDown" is-config="true" duration-ms="5001" started-at="2020-05-14T00:44:12Z" finished-at="2020-05-14T00:44:17Z">
          <reporter-output>
          </reporter-output>
        </test-method> <!-- tearDown -->
      </class> <!-- com.training.sanity.tests.AdminCretateNewGroupRegisterNewUser -->
    </test> <!-- Sample test -->
  </suite> <!-- Sample test Suite -->
</testng-results>
